<?xml version="1.0" encoding="UTF-8"?>
<!-- Generated by org.testng.reporters.JUnitXMLReporter -->
<testsuite hostname="MUMTEWD0500" name="Command line test 89f990b7-cc3c-40ae-b1a9-314b03237881" tests="2" failures="2" timestamp="22 Mar 2018 13:31:35 GMT" time="2.752" errors="0">
  <testcase name="@AfterClass tearBrowser" time="0.0" classname="com.HReckAutomation.HReck.HReckLogin">
    <failure type="org.openqa.selenium.remote.UnreachableBrowserException" message="Error communicating with the remote browser. It may have died.
Build info: version: &amp;apos;2.53.1&amp;apos;, revision: &amp;apos;a36b8b1cd5757287168e54b817830adce9b0158d&amp;apos;, time: &amp;apos;2016-06-30 19:26:09&amp;apos;
System info: host: &amp;apos;MUMTEWD0500&amp;apos;, ip: &amp;apos;192.168.101.143&amp;apos;, os.name: &amp;apos;Windows 7&amp;apos;, os.arch: &amp;apos;amd64&amp;apos;, os.version: &amp;apos;6.1&amp;apos;, java.version: &amp;apos;1.8.0_162&amp;apos;
Driver info: driver.version: RemoteWebDriver
Capabilities [{applicationCacheEnabled=false, rotatable=false, chrome={userDataDir=C:\Users\NAREND~1.DHA\AppData\Local\Temp\scoped_dir4304_22566}, takesHeapSnapshot=true, databaseEnabled=false, handlesAlerts=true, version=65.0.3325.181, platform=XP, browserConnectionEnabled=false, nativeEvents=true, acceptSslCerts=true, locationContextEnabled=true, webStorageEnabled=true, browserName=chrome, takesScreenshot=true, javascriptEnabled=true, cssSelectorsEnabled=true}]
Session ID: fbf06583e7cc2c201ec77623fd10448f">
      <![CDATA[org.openqa.selenium.remote.UnreachableBrowserException: Error communicating with the remote browser. It may have died.
Build info: version: '2.53.1', revision: 'a36b8b1cd5757287168e54b817830adce9b0158d', time: '2016-06-30 19:26:09'
System info: host: 'MUMTEWD0500', ip: '192.168.101.143', os.name: 'Windows 7', os.arch: 'amd64', os.version: '6.1', java.version: '1.8.0_162'
Driver info: driver.version: RemoteWebDriver
Capabilities [{applicationCacheEnabled=false, rotatable=false, chrome={userDataDir=C:\Users\NAREND~1.DHA\AppData\Local\Temp\scoped_dir4304_22566}, takesHeapSnapshot=true, databaseEnabled=false, handlesAlerts=true, version=65.0.3325.181, platform=XP, browserConnectionEnabled=false, nativeEvents=true, acceptSslCerts=true, locationContextEnabled=true, webStorageEnabled=true, browserName=chrome, takesScreenshot=true, javascriptEnabled=true, cssSelectorsEnabled=true}]
Session ID: fbf06583e7cc2c201ec77623fd10448f
	at org.openqa.selenium.remote.RemoteWebDriver.execute(RemoteWebDriver.java:665)
	at org.openqa.selenium.remote.RemoteWebDriver.execute(RemoteWebDriver.java:701)
	at org.openqa.selenium.remote.RemoteWebDriver.quit(RemoteWebDriver.java:526)
	at com.HReckAutomation.HReck.HReckLogin.tearBrowser(HReckLogin.java:49)
	at com.mentorstudies.automationframework.TestRunner.main(TestRunner.java:117)
	at org.codehaus.mojo.exec.ExecJavaMojo$1.run(ExecJavaMojo.java:294)
	at java.lang.Thread.run(Thread.java:748)
Caused by: java.lang.RuntimeException: Process refused to die after 10 seconds, and couldn't taskkill it: Unable to find executable for: taskkill
	at org.openqa.selenium.os.ProcessUtils.killWinProcess(ProcessUtils.java:143)
	at org.openqa.selenium.os.ProcessUtils.killProcess(ProcessUtils.java:81)
	at org.openqa.selenium.os.UnixProcess$SeleniumWatchDog.destroyHarder(UnixProcess.java:247)
	at org.openqa.selenium.os.UnixProcess$SeleniumWatchDog.access$200(UnixProcess.java:201)
	at org.openqa.selenium.os.UnixProcess.destroy(UnixProcess.java:125)
	at org.openqa.selenium.os.CommandLine.destroy(CommandLine.java:155)
	at org.openqa.selenium.remote.service.DriverService.stop(DriverService.java:196)
	at org.openqa.selenium.remote.service.DriverCommandExecutor.execute(DriverCommandExecutor.java:94)
	at org.openqa.selenium.remote.RemoteWebDriver.execute(RemoteWebDriver.java:644)
	... 31 more
Caused by: java.lang.NullPointerException: Unable to find executable for: taskkill
	at com.google.common.base.Preconditions.checkNotNull(Preconditions.java:236)
	at org.openqa.selenium.os.UnixProcess.<init>(UnixProcess.java:62)
	at org.openqa.selenium.os.CommandLine.<init>(CommandLine.java:38)
	at org.openqa.selenium.os.WindowsUtils.killPID(WindowsUtils.java:178)
	at org.openqa.selenium.os.ProcessUtils.killWinProcess(ProcessUtils.java:138)
	... 39 more
... Removed 25 stack frames]]>
    </failure>
  </testcase> <!-- @AfterClass tearBrowser -->
  <testcase name="openBrowser" time="1.632" classname="com.HReckAutomation.HReck.HReckLogin">
    <failure type="org.openqa.selenium.WebDriverException" message="unknown error: Runtime.executionContextCreated has invalid &amp;apos;context&amp;apos;: {&amp;quot;auxData&amp;quot;:{&amp;quot;frameId&amp;quot;:&amp;quot;46F3B56FC0EC3E915F4A766C99C4F665&amp;quot;,&amp;quot;isDefault&amp;quot;:true},&amp;quot;id&amp;quot;:1,&amp;quot;name&amp;quot;:&amp;quot;&amp;quot;,&amp;quot;origin&amp;quot;:&amp;quot;://&amp;quot;}
  (Session info: chrome=65.0.3325.181)
  (Driver info: chromedriver=2.9.248315,platform=Windows NT 6.1 SP1 x86_64) (WARNING: The server did not provide any stacktrace information)
Command duration or timeout: 169 milliseconds
Build info: version: &amp;apos;2.53.1&amp;apos;, revision: &amp;apos;a36b8b1cd5757287168e54b817830adce9b0158d&amp;apos;, time: &amp;apos;2016-06-30 19:26:09&amp;apos;
System info: host: &amp;apos;MUMTEWD0500&amp;apos;, ip: &amp;apos;192.168.101.143&amp;apos;, os.name: &amp;apos;Windows 7&amp;apos;, os.arch: &amp;apos;amd64&amp;apos;, os.version: &amp;apos;6.1&amp;apos;, java.version: &amp;apos;1.8.0_162&amp;apos;
Driver info: org.openqa.selenium.chrome.ChromeDriver
Capabilities [{applicationCacheEnabled=false, rotatable=false, chrome={userDataDir=C:\Users\NAREND~1.DHA\AppData\Local\Temp\scoped_dir4304_22566}, takesHeapSnapshot=true, databaseEnabled=false, handlesAlerts=true, version=65.0.3325.181, platform=XP, browserConnectionEnabled=false, nativeEvents=true, acceptSslCerts=true, locationContextEnabled=true, webStorageEnabled=true, browserName=chrome, takesScreenshot=true, javascriptEnabled=true, cssSelectorsEnabled=true}]
Session ID: fbf06583e7cc2c201ec77623fd10448f">
      <![CDATA[org.openqa.selenium.WebDriverException: unknown error: Runtime.executionContextCreated has invalid 'context': {"auxData":{"frameId":"46F3B56FC0EC3E915F4A766C99C4F665","isDefault":true},"id":1,"name":"","origin":"://"}
  (Session info: chrome=65.0.3325.181)
  (Driver info: chromedriver=2.9.248315,platform=Windows NT 6.1 SP1 x86_64) (WARNING: The server did not provide any stacktrace information)
Command duration or timeout: 169 milliseconds
Build info: version: '2.53.1', revision: 'a36b8b1cd5757287168e54b817830adce9b0158d', time: '2016-06-30 19:26:09'
System info: host: 'MUMTEWD0500', ip: '192.168.101.143', os.name: 'Windows 7', os.arch: 'amd64', os.version: '6.1', java.version: '1.8.0_162'
Driver info: org.openqa.selenium.chrome.ChromeDriver
Capabilities [{applicationCacheEnabled=false, rotatable=false, chrome={userDataDir=C:\Users\NAREND~1.DHA\AppData\Local\Temp\scoped_dir4304_22566}, takesHeapSnapshot=true, databaseEnabled=false, handlesAlerts=true, version=65.0.3325.181, platform=XP, browserConnectionEnabled=false, nativeEvents=true, acceptSslCerts=true, locationContextEnabled=true, webStorageEnabled=true, browserName=chrome, takesScreenshot=true, javascriptEnabled=true, cssSelectorsEnabled=true}]
Session ID: fbf06583e7cc2c201ec77623fd10448f
	at org.openqa.selenium.remote.ErrorHandler.createThrowable(ErrorHandler.java:206)
	at org.openqa.selenium.remote.ErrorHandler.throwIfResponseFailed(ErrorHandler.java:158)
	at org.openqa.selenium.remote.RemoteWebDriver.execute(RemoteWebDriver.java:678)
	at org.openqa.selenium.remote.RemoteWebDriver.get(RemoteWebDriver.java:316)
	at com.HReckAutomation.HReck.HReckLogin.openBrowser(HReckLogin.java:23)
	at com.mentorstudies.automationframework.TestRunner.main(TestRunner.java:117)
	at org.codehaus.mojo.exec.ExecJavaMojo$1.run(ExecJavaMojo.java:294)
	at java.lang.Thread.run(Thread.java:748)
... Removed 29 stack frames]]>
    </failure>
  </testcase> <!-- openBrowser -->
  <testcase name="hReckLogin" time="0.006" classname="com.HReckAutomation.HReck.HReckLogin">
    <failure type="java.lang.NullPointerException">
      <![CDATA[java.lang.NullPointerException
	at com.mentorstudies.automationframework.util.common.KeyWordTool.getLocator(KeyWordTool.java:24)
	at com.HReckAutomation.HReck.HReckLogin.hReckLogin(HReckLogin.java:31)
	at com.mentorstudies.automationframework.TestRunner.main(TestRunner.java:117)
	at org.codehaus.mojo.exec.ExecJavaMojo$1.run(ExecJavaMojo.java:294)
	at java.lang.Thread.run(Thread.java:748)
... Removed 25 stack frames]]>
    </failure>
  </testcase> <!-- hReckLogin -->
</testsuite> <!-- Command line test 89f990b7-cc3c-40ae-b1a9-314b03237881 -->
