<?xml version="1.0" encoding="UTF-8"?>
<!-- Generated by org.testng.reporters.JUnitXMLReporter -->
<testsuite hostname="MUMTEWD0500" name="Command line test 98894cce-3e91-49fe-bbc6-7f31f4eb15f6" tests="1" failures="1" timestamp="21 Mar 2018 05:24:37 GMT" time="0.056" errors="0">
  <testcase name="@AfterClass tearBrowser" time="0.0" classname="com.HReckAutomation.HReck.GoogleSearch">
    <failure type="java.lang.NullPointerException">
      <![CDATA[java.lang.NullPointerException
	at com.HReckAutomation.HReck.GoogleSearch.tearBrowser(GoogleSearch.java:43)
	at com.mentorstudies.automationframework.TestRunner.main(TestRunner.java:117)
	at org.codehaus.mojo.exec.ExecJavaMojo$1.run(ExecJavaMojo.java:294)
	at java.lang.Thread.run(Thread.java:748)
... Removed 25 stack frames]]>
    </failure>
  </testcase> <!-- @AfterClass tearBrowser -->
  <testcase name="search" time="0.038" classname="com.HReckAutomation.HReck.GoogleSearch">
    <failure type="java.lang.IllegalStateException" message="The driver executable does not exist: D:\WorkSpace_Naba\HReck\input\chromedriver">
      <![CDATA[java.lang.IllegalStateException: The driver executable does not exist: D:\WorkSpace_Naba\HReck\input\chromedriver
	at com.google.common.base.Preconditions.checkState(Preconditions.java:177)
	at org.openqa.selenium.remote.service.DriverService.checkExecutable(DriverService.java:121)
	at org.openqa.selenium.remote.service.DriverService.findExecutable(DriverService.java:116)
	at org.openqa.selenium.chrome.ChromeDriverService.access$000(ChromeDriverService.java:32)
	at org.openqa.selenium.chrome.ChromeDriverService$Builder.findDefaultExecutable(ChromeDriverService.java:137)
	at org.openqa.selenium.remote.service.DriverService$Builder.build(DriverService.java:296)
	at org.openqa.selenium.chrome.ChromeDriverService.createDefaultService(ChromeDriverService.java:88)
	at org.openqa.selenium.chrome.ChromeDriver.<init>(ChromeDriver.java:116)
	at com.mentorstudies.automationframework.util.impl.DefaultDriverManager.getDriver(DefaultDriverManager.java:26)
	at com.HReckAutomation.HReck.GoogleSearch.search(GoogleSearch.java:26)
	at com.mentorstudies.automationframework.TestRunner.main(TestRunner.java:117)
	at org.codehaus.mojo.exec.ExecJavaMojo$1.run(ExecJavaMojo.java:294)
	at java.lang.Thread.run(Thread.java:748)
... Removed 25 stack frames]]>
    </failure>
  </testcase> <!-- search -->
</testsuite> <!-- Command line test 98894cce-3e91-49fe-bbc6-7f31f4eb15f6 -->
