<?xml version="1.0" encoding="UTF-8"?>
<!-- Generated by org.testng.reporters.JUnitXMLReporter -->
<testsuite hostname="MUMTEWD0500" name="Command line test a9de5863-909e-4739-8a26-13382b1c41a7" tests="1" failures="1" timestamp="30 Mar 2018 04:18:00 GMT" time="15.811" errors="0">
  <testcase name="goToCostCentre" time="1.247" classname="com.HReckAutomation.Masters.AddCostCentre">
    <failure type="java.lang.AssertionError" message="expected [http://hreck.techeasesystems.in/#/cost-centre-masterabc] but found [http://hreck.techeasesystems.in/#/cost-centre-master]">
      <![CDATA[java.lang.AssertionError: expected [http://hreck.techeasesystems.in/#/cost-centre-masterabc] but found [http://hreck.techeasesystems.in/#/cost-centre-master]
	at com.HReckAutomation.Masters.AddCostCentre.goToCostCentre(AddCostCentre.java:42)
	at com.mentorstudies.automationframework.TestRunner.main(TestRunner.java:117)
	at org.codehaus.mojo.exec.ExecJavaMojo$1.run(ExecJavaMojo.java:294)
	at java.lang.Thread.run(Thread.java:748)
... Removed 31 stack frames]]>
    </failure>
  </testcase> <!-- goToCostCentre -->
</testsuite> <!-- Command line test a9de5863-909e-4739-8a26-13382b1c41a7 -->
