<?xml version="1.0" encoding="UTF-8"?>
<!-- Generated by org.testng.reporters.JUnitXMLReporter -->
<testsuite hostname="MUMTEWD00052" name="Command line test 82bc90db-8bff-4ab0-9187-1ea03dee5c8d" tests="1" failures="1" timestamp="29 Mar 2018 07:12:13 GMT" time="13.364" errors="0">
  <testcase name="forgotPasswordMain" time="10.946" classname="com.HReckAutomation.HReck.forgotPassword">
    <failure type="org.openqa.selenium.WebDriverException" message="unknown error: Element &amp;lt;input _ngcontent-c1=&amp;quot;&amp;quot; autocomplete=&amp;quot;off&amp;quot; class=&amp;quot;form-control input-lg ng-untouched ng-pristine ng-invalid&amp;quot; formcontrolname=&amp;quot;Email&amp;quot; id=&amp;quot;login_username&amp;quot; pattern=&amp;quot;^\w+([\.-]?\w+)*@\w+([\.-]?\w+)*(\.\w{2,3})+$&amp;quot; placeholder=&amp;quot;Enter your email Id&amp;quot; type=&amp;quot;email&amp;quot; ng-reflect-pattern=&amp;quot;^\w+([\.-]?\w+)*@\w+([\.-]?\w+&amp;quot; ng-reflect-name=&amp;quot;Email&amp;quot;&amp;gt; is not clickable at point (520, 193). Other element would receive the click: &amp;lt;img _ngcontent-c1=&amp;quot;&amp;quot; class=&amp;quot;img-responsive&amp;quot; src=&amp;quot;/Content/Theme/img/logo.jpg&amp;quot;&amp;gt;
  (Session info: chrome=65.0.3325.181)
  (Driver info: chromedriver=2.37.543627 (63642262d9fb93fb4ab52398be4286d844092a5e),platform=Windows NT 6.1.7601 SP1 x86_64) (WARNING: The server did not provide any stacktrace information)
Command duration or timeout: 34 milliseconds
Build info: version: &amp;apos;2.53.1&amp;apos;, revision: &amp;apos;a36b8b1cd5757287168e54b817830adce9b0158d&amp;apos;, time: &amp;apos;2016-06-30 19:26:09&amp;apos;
System info: host: &amp;apos;MUMTEWD00052&amp;apos;, ip: &amp;apos;192.168.66.2&amp;apos;, os.name: &amp;apos;Windows 7&amp;apos;, os.arch: &amp;apos;amd64&amp;apos;, os.version: &amp;apos;6.1&amp;apos;, java.version: &amp;apos;1.8.0_144&amp;apos;
Driver info: org.openqa.selenium.chrome.ChromeDriver
Capabilities [{applicationCacheEnabled=false, rotatable=false, mobileEmulationEnabled=false, networkConnectionEnabled=false, chrome={chromedriverVersion=2.37.543627 (63642262d9fb93fb4ab52398be4286d844092a5e), userDataDir=C:\Users\AJIT~1.SWA\AppData\Local\Temp\scoped_dir8920_31068}, takesHeapSnapshot=true, pageLoadStrategy=normal, databaseEnabled=false, handlesAlerts=true, hasTouchScreen=false, version=65.0.3325.181, platform=XP, browserConnectionEnabled=false, nativeEvents=true, acceptSslCerts=false, acceptInsecureCerts=false, locationContextEnabled=true, webStorageEnabled=true, browserName=chrome, takesScreenshot=true, javascriptEnabled=true, cssSelectorsEnabled=true, setWindowRect=true, unexpectedAlertBehaviour=}]
Session ID: c825ed9ca174918badacb2c2ac2035e8">
      <![CDATA[org.openqa.selenium.WebDriverException: unknown error: Element <input _ngcontent-c1="" autocomplete="off" class="form-control input-lg ng-untouched ng-pristine ng-invalid" formcontrolname="Email" id="login_username" pattern="^\w+([\.-]?\w+)*@\w+([\.-]?\w+)*(\.\w{2,3})+$" placeholder="Enter your email Id" type="email" ng-reflect-pattern="^\w+([\.-]?\w+)*@\w+([\.-]?\w+" ng-reflect-name="Email"> is not clickable at point (520, 193). Other element would receive the click: <img _ngcontent-c1="" class="img-responsive" src="/Content/Theme/img/logo.jpg">
  (Session info: chrome=65.0.3325.181)
  (Driver info: chromedriver=2.37.543627 (63642262d9fb93fb4ab52398be4286d844092a5e),platform=Windows NT 6.1.7601 SP1 x86_64) (WARNING: The server did not provide any stacktrace information)
Command duration or timeout: 34 milliseconds
Build info: version: '2.53.1', revision: 'a36b8b1cd5757287168e54b817830adce9b0158d', time: '2016-06-30 19:26:09'
System info: host: 'MUMTEWD00052', ip: '192.168.66.2', os.name: 'Windows 7', os.arch: 'amd64', os.version: '6.1', java.version: '1.8.0_144'
Driver info: org.openqa.selenium.chrome.ChromeDriver
Capabilities [{applicationCacheEnabled=false, rotatable=false, mobileEmulationEnabled=false, networkConnectionEnabled=false, chrome={chromedriverVersion=2.37.543627 (63642262d9fb93fb4ab52398be4286d844092a5e), userDataDir=C:\Users\AJIT~1.SWA\AppData\Local\Temp\scoped_dir8920_31068}, takesHeapSnapshot=true, pageLoadStrategy=normal, databaseEnabled=false, handlesAlerts=true, hasTouchScreen=false, version=65.0.3325.181, platform=XP, browserConnectionEnabled=false, nativeEvents=true, acceptSslCerts=false, acceptInsecureCerts=false, locationContextEnabled=true, webStorageEnabled=true, browserName=chrome, takesScreenshot=true, javascriptEnabled=true, cssSelectorsEnabled=true, setWindowRect=true, unexpectedAlertBehaviour=}]
Session ID: c825ed9ca174918badacb2c2ac2035e8
	at org.openqa.selenium.remote.ErrorHandler.createThrowable(ErrorHandler.java:206)
	at org.openqa.selenium.remote.ErrorHandler.throwIfResponseFailed(ErrorHandler.java:158)
	at org.openqa.selenium.remote.RemoteWebDriver.execute(RemoteWebDriver.java:678)
	at org.openqa.selenium.remote.RemoteWebElement.execute(RemoteWebElement.java:327)
	at org.openqa.selenium.remote.RemoteWebElement.click(RemoteWebElement.java:85)
	at com.HReckAutomation.HReck.forgotPassword.forgotPasswordMain(forgotPassword.java:36)
	at com.mentorstudies.automationframework.TestRunner.main(TestRunner.java:117)
	at org.codehaus.mojo.exec.ExecJavaMojo$1.run(ExecJavaMojo.java:294)
	at java.lang.Thread.run(Thread.java:748)
... Removed 29 stack frames]]>
    </failure>
  </testcase> <!-- forgotPasswordMain -->
</testsuite> <!-- Command line test 82bc90db-8bff-4ab0-9187-1ea03dee5c8d -->
