<?xml version="1.0" encoding="UTF-8"?>
<!-- Generated by org.testng.reporters.JUnitXMLReporter -->
<testsuite hostname="MUMTEWD0500" name="Command line test ef74905c-717d-4270-b42c-a50f1f69e755" tests="3" failures="1" timestamp="23 Mar 2018 07:09:33 GMT" time="33.7" errors="0">
  <testcase name="openBrowser" time="19.542" classname="com.HReckAutomation.HReck.HReckLogin"/>
  <testcase name="hReckLogin" time="14.092" classname="com.HReckAutomation.HReck.HReckLogin">
    <failure type="java.lang.AssertionError" message="Test case passed expected [Enter valid password] but found [http://hreck.techeasesystems.in/#/login]">
      <![CDATA[java.lang.AssertionError: Test case passed expected [Enter valid password] but found [http://hreck.techeasesystems.in/#/login]
	at com.HReckAutomation.HReck.HReckLogin.hReckLogin(HReckLogin.java:74)
	at com.mentorstudies.automationframework.TestRunner.main(TestRunner.java:117)
	at org.codehaus.mojo.exec.ExecJavaMojo$1.run(ExecJavaMojo.java:294)
	at java.lang.Thread.run(Thread.java:748)
... Removed 30 stack frames]]>
    </failure>
  </testcase> <!-- hReckLogin -->
  <testcase name="hReckLogin" time="0.05" classname="com.HReckAutomation.HReck.HReckLogin"/>
</testsuite> <!-- Command line test ef74905c-717d-4270-b42c-a50f1f69e755 -->
