<?xml version="1.0" encoding="UTF-8"?>
<!-- Generated by org.testng.reporters.JUnitXMLReporter -->
<testsuite hostname="MUMTEWD0500" name="Command line test dcfba15c-68a0-4383-88de-e4b958719140" tests="9" failures="1" timestamp="28 Mar 2018 11:39:04 GMT" time="90.208" errors="0">
  <testcase name="buttonChk" time="4.29" classname="com.HReckAutomation.HReck.ChangePassword"/>
  <testcase name="chPassMain1" time="3.627" classname="com.HReckAutomation.HReck.ChangePassword"/>
  <testcase name="chPassMain2" time="3.662" classname="com.HReckAutomation.HReck.ChangePassword"/>
  <testcase name="chPassMain" time="8.78" classname="com.HReckAutomation.HReck.ChangePassword"/>
  <testcase name="chPassMain" time="8.775" classname="com.HReckAutomation.HReck.ChangePassword"/>
  <testcase name="hReckLogin" time="13.869" classname="com.HReckAutomation.HReck.HReckLogin"/>
  <testcase name="hReckLogin" time="14.004" classname="com.HReckAutomation.HReck.HReckLogin"/>
  <testcase name="hReckLogin" time="8.704" classname="com.HReckAutomation.HReck.HReckLogin">
    <failure type="java.lang.AssertionError" message="Test case failed expected [http://hreck.techeasesystems.in/#/pending-grn] but found [Enter valid password]">
      <![CDATA[java.lang.AssertionError: Test case failed expected [http://hreck.techeasesystems.in/#/pending-grn] but found [Enter valid password]
	at com.HReckAutomation.HReck.HReckLogin.hReckLogin(HReckLogin.java:71)
	at com.mentorstudies.automationframework.TestRunner.main(TestRunner.java:117)
	at org.codehaus.mojo.exec.ExecJavaMojo$1.run(ExecJavaMojo.java:294)
	at java.lang.Thread.run(Thread.java:748)
... Removed 30 stack frames]]>
    </failure>
  </testcase> <!-- hReckLogin -->
  <testcase name="hReckLogout" time="0.0" classname="com.HReckAutomation.HReck.HReckLogin">
    <skipped/>
  </testcase> <!-- hReckLogout -->
</testsuite> <!-- Command line test dcfba15c-68a0-4383-88de-e4b958719140 -->
